1.git add
2.git commit -m "description for this commit"
3.git reset -- hard (HEAD^^ or the version)
4.git log  (-pretty=oneline)
5.git reflog
6.git status
7.git checkout file
8.git reset HEAD file
9.ssh-keygen -t rsa -C "youremail@example.com"
10.git remote add remote_repo hddress
11.git push -u remote_repo local_repo
12.git remote -v
13.git remote rm origin_repo_name
14.git checkout -b branch_name
15.git branch branch_name
16.git checkout branch_name
17.git branch -d branch_name
18.git merge branch_name
19.git stash
20.git stash apply/pop
21.git rm
